빌드 시작: 2015-06-17 오전 11:44:42
     1>2 노드의 "D:\program\project\svg\svg\svg.vcxproj" 프로젝트(build 대상)입니다.
     1>InitializeBuildStatus:
         "AlwaysCreate"이(가) 지정되었기 때문에 "Debug\svg.unsuccessfulbuild"을(를) 만들고 있습니다.
       ClCompile:
         C:\Program Files (x86)\Microsoft Visual Studio 10.0\VC\bin\CL.exe /c /ZI /nologo /W3 /WX- /Od /Oy- /D WIN32 /D _DEBUG /D _CONSOLE /D _UNICODE /D UNICODE /Gm /EHsc /RTC1 /MDd /GS /fp:precise /Zc:wchar_t /Zc:forScope /Fo"Debug\\" /Fd"Debug\vc100.pdb" /Gd /TC /analyze- /errorReport:prompt svg.c
         svg.c
     1>c:\program files (x86)\microsoft sdks\windows\v7.0a\include\graphics\graphics.h(278): warning C4273: 'getch' : dll 링크가 일치하지 않습니다.
                 c:\program files (x86)\microsoft visual studio 10.0\vc\include\conio.h(128) : 'getch'의 이전 정의를 참조하십시오.
     1>c:\program files (x86)\microsoft sdks\windows\v7.0a\include\graphics\graphics.h(279): warning C4273: 'kbhit' : dll 링크가 일치하지 않습니다.
                 c:\program files (x86)\microsoft visual studio 10.0\vc\include\conio.h(130) : 'kbhit'의 이전 정의를 참조하십시오.
     1>d:\program\project\svg\svg\svg.c(209): warning C4996: 'strncpy': This function or variable may be unsafe. Consider using strncpy_s instead. To disable deprecation, use _CRT_SECURE_NO_WARNINGS. See online help for details.
                 c:\program files (x86)\microsoft visual studio 10.0\vc\include\string.h(188) : 'strncpy' 선언을 참조하십시오.
     1>d:\program\project\svg\svg\svg.c(215): warning C4013: 'getSvgAttr'이(가) 정의되지 않았습니다. extern은 int형을 반환하는 것으로 간주합니다.
     1>d:\program\project\svg\svg\svg.c(221): warning C4013: 'getLineAttr'이(가) 정의되지 않았습니다. extern은 int형을 반환하는 것으로 간주합니다.
     1>d:\program\project\svg\svg\svg.c(226): warning C4013: 'getRectAttr'이(가) 정의되지 않았습니다. extern은 int형을 반환하는 것으로 간주합니다.
     1>d:\program\project\svg\svg\svg.c(231): warning C4013: 'getPathAttr'이(가) 정의되지 않았습니다. extern은 int형을 반환하는 것으로 간주합니다.
     1>d:\program\project\svg\svg\svg.c(236): warning C4013: 'getCircleAttr'이(가) 정의되지 않았습니다. extern은 int형을 반환하는 것으로 간주합니다.
     1>d:\program\project\svg\svg\svg.c(241): warning C4013: 'getEllipseAttr'이(가) 정의되지 않았습니다. extern은 int형을 반환하는 것으로 간주합니다.
     1>d:\program\project\svg\svg\svg.c(246): warning C4013: 'getPolygonAttr'이(가) 정의되지 않았습니다. extern은 int형을 반환하는 것으로 간주합니다.
     1>d:\program\project\svg\svg\svg.c(351): warning C4018: '<' : signed 또는 unsigned가 일치하지 않습니다.
     1>d:\program\project\svg\svg\svg.c(383): warning C4013: 'getAttrValue'이(가) 정의되지 않았습니다. extern은 int형을 반환하는 것으로 간주합니다.
     1>d:\program\project\svg\svg\svg.c(396): warning C4018: '<' : signed 또는 unsigned가 일치하지 않습니다.
     1>d:\program\project\svg\svg\svg.c(428): warning C4013: 'getTransform'이(가) 정의되지 않았습니다. extern은 int형을 반환하는 것으로 간주합니다.
     1>d:\program\project\svg\svg\svg.c(453): warning C4018: '<' : signed 또는 unsigned가 일치하지 않습니다.
     1>d:\program\project\svg\svg\svg.c(538): warning C4018: '<' : signed 또는 unsigned가 일치하지 않습니다.
     1>d:\program\project\svg\svg\svg.c(619): warning C4244: '=' : 'int'에서 'float'(으)로 변환하면서 데이터가 손실될 수 있습니다.
     1>d:\program\project\svg\svg\svg.c(620): warning C4244: '=' : 'int'에서 'float'(으)로 변환하면서 데이터가 손실될 수 있습니다.
     1>d:\program\project\svg\svg\svg.c(621): warning C4244: '=' : 'int'에서 'float'(으)로 변환하면서 데이터가 손실될 수 있습니다.
     1>d:\program\project\svg\svg\svg.c(622): warning C4244: '=' : 'int'에서 'float'(으)로 변환하면서 데이터가 손실될 수 있습니다.
     1>d:\program\project\svg\svg\svg.c(623): warning C4244: '=' : 'int'에서 'float'(으)로 변환하면서 데이터가 손실될 수 있습니다.
     1>d:\program\project\svg\svg\svg.c(624): warning C4244: '=' : 'int'에서 'float'(으)로 변환하면서 데이터가 손실될 수 있습니다.
     1>d:\program\project\svg\svg\svg.c(625): warning C4244: '=' : 'int'에서 'float'(으)로 변환하면서 데이터가 손실될 수 있습니다.
     1>d:\program\project\svg\svg\svg.c(626): warning C4244: '=' : 'int'에서 'float'(으)로 변환하면서 데이터가 손실될 수 있습니다.
     1>d:\program\project\svg\svg\svg.c(628): warning C4013: 'tranformMt'이(가) 정의되지 않았습니다. extern은 int형을 반환하는 것으로 간주합니다.
     1>d:\program\project\svg\svg\svg.c(641): warning C4244: '함수' : 'float'에서 'int'(으)로 변환하면서 데이터가 손실될 수 있습니다.
     1>d:\program\project\svg\svg\svg.c(641): warning C4244: '함수' : 'float'에서 'int'(으)로 변환하면서 데이터가 손실될 수 있습니다.
     1>d:\program\project\svg\svg\svg.c(641): warning C4244: '함수' : 'float'에서 'int'(으)로 변환하면서 데이터가 손실될 수 있습니다.
     1>d:\program\project\svg\svg\svg.c(641): warning C4244: '함수' : 'float'에서 'int'(으)로 변환하면서 데이터가 손실될 수 있습니다.
     1>d:\program\project\svg\svg\svg.c(642): warning C4244: '함수' : 'float'에서 'int'(으)로 변환하면서 데이터가 손실될 수 있습니다.
     1>d:\program\project\svg\svg\svg.c(642): warning C4244: '함수' : 'float'에서 'int'(으)로 변환하면서 데이터가 손실될 수 있습니다.
     1>d:\program\project\svg\svg\svg.c(642): warning C4244: '함수' : 'float'에서 'int'(으)로 변환하면서 데이터가 손실될 수 있습니다.
     1>d:\program\project\svg\svg\svg.c(642): warning C4244: '함수' : 'float'에서 'int'(으)로 변환하면서 데이터가 손실될 수 있습니다.
     1>d:\program\project\svg\svg\svg.c(643): warning C4244: '함수' : 'float'에서 'int'(으)로 변환하면서 데이터가 손실될 수 있습니다.
     1>d:\program\project\svg\svg\svg.c(643): warning C4244: '함수' : 'float'에서 'int'(으)로 변환하면서 데이터가 손실될 수 있습니다.
     1>d:\program\project\svg\svg\svg.c(643): warning C4244: '함수' : 'float'에서 'int'(으)로 변환하면서 데이터가 손실될 수 있습니다.
     1>d:\program\project\svg\svg\svg.c(643): warning C4244: '함수' : 'float'에서 'int'(으)로 변환하면서 데이터가 손실될 수 있습니다.
     1>d:\program\project\svg\svg\svg.c(644): warning C4244: '함수' : 'float'에서 'int'(으)로 변환하면서 데이터가 손실될 수 있습니다.
     1>d:\program\project\svg\svg\svg.c(644): warning C4244: '함수' : 'float'에서 'int'(으)로 변환하면서 데이터가 손실될 수 있습니다.
     1>d:\program\project\svg\svg\svg.c(644): warning C4244: '함수' : 'float'에서 'int'(으)로 변환하면서 데이터가 손실될 수 있습니다.
     1>d:\program\project\svg\svg\svg.c(644): warning C4244: '함수' : 'float'에서 'int'(으)로 변환하면서 데이터가 손실될 수 있습니다.
     1>d:\program\project\svg\svg\svg.c(738): warning C4018: '<' : signed 또는 unsigned가 일치하지 않습니다.
     1>d:\program\project\svg\svg\svg.c(810): warning C4018: '<' : signed 또는 unsigned가 일치하지 않습니다.
     1>d:\program\project\svg\svg\svg.c(880): warning C4018: '<' : signed 또는 unsigned가 일치하지 않습니다.
     1>d:\program\project\svg\svg\svg.c(912): warning C4996: 'strtok': This function or variable may be unsafe. Consider using strtok_s instead. To disable deprecation, use _CRT_SECURE_NO_WARNINGS. See online help for details.
                 c:\program files (x86)\microsoft visual studio 10.0\vc\include\string.h(197) : 'strtok' 선언을 참조하십시오.
     1>d:\program\project\svg\svg\svg.c(916): warning C4996: 'strtok': This function or variable may be unsafe. Consider using strtok_s instead. To disable deprecation, use _CRT_SECURE_NO_WARNINGS. See online help for details.
                 c:\program files (x86)\microsoft visual studio 10.0\vc\include\string.h(197) : 'strtok' 선언을 참조하십시오.
     1>d:\program\project\svg\svg\svg.c(921): warning C4996: 'strcpy': This function or variable may be unsafe. Consider using strcpy_s instead. To disable deprecation, use _CRT_SECURE_NO_WARNINGS. See online help for details.
                 c:\program files (x86)\microsoft visual studio 10.0\vc\include\string.h(105) : 'strcpy' 선언을 참조하십시오.
     1>d:\program\project\svg\svg\svg.c(925): warning C4996: 'strcpy': This function or variable may be unsafe. Consider using strcpy_s instead. To disable deprecation, use _CRT_SECURE_NO_WARNINGS. See online help for details.
                 c:\program files (x86)\microsoft visual studio 10.0\vc\include\string.h(105) : 'strcpy' 선언을 참조하십시오.
     1>d:\program\project\svg\svg\svg.c(926): warning C4996: 'strtok': This function or variable may be unsafe. Consider using strtok_s instead. To disable deprecation, use _CRT_SECURE_NO_WARNINGS. See online help for details.
                 c:\program files (x86)\microsoft visual studio 10.0\vc\include\string.h(197) : 'strtok' 선언을 참조하십시오.
     1>d:\program\project\svg\svg\svg.c(928): warning C4996: 'strcpy': This function or variable may be unsafe. Consider using strcpy_s instead. To disable deprecation, use _CRT_SECURE_NO_WARNINGS. See online help for details.
                 c:\program files (x86)\microsoft visual studio 10.0\vc\include\string.h(105) : 'strcpy' 선언을 참조하십시오.
     1>d:\program\project\svg\svg\svg.c(944): warning C4996: 'strtok': This function or variable may be unsafe. Consider using strtok_s instead. To disable deprecation, use _CRT_SECURE_NO_WARNINGS. See online help for details.
                 c:\program files (x86)\microsoft visual studio 10.0\vc\include\string.h(197) : 'strtok' 선언을 참조하십시오.
     1>d:\program\project\svg\svg\svg.c(950): warning C4996: 'strcpy': This function or variable may be unsafe. Consider using strcpy_s instead. To disable deprecation, use _CRT_SECURE_NO_WARNINGS. See online help for details.
                 c:\program files (x86)\microsoft visual studio 10.0\vc\include\string.h(105) : 'strcpy' 선언을 참조하십시오.
     1>d:\program\project\svg\svg\svg.c(992): warning C4018: '<' : signed 또는 unsigned가 일치하지 않습니다.
     1>d:\program\project\svg\svg\svg.c(1025): warning C4996: 'strtok': This function or variable may be unsafe. Consider using strtok_s instead. To disable deprecation, use _CRT_SECURE_NO_WARNINGS. See online help for details.
                 c:\program files (x86)\microsoft visual studio 10.0\vc\include\string.h(197) : 'strtok' 선언을 참조하십시오.
     1>d:\program\project\svg\svg\svg.c(1029): warning C4996: 'strtok': This function or variable may be unsafe. Consider using strtok_s instead. To disable deprecation, use _CRT_SECURE_NO_WARNINGS. See online help for details.
                 c:\program files (x86)\microsoft visual studio 10.0\vc\include\string.h(197) : 'strtok' 선언을 참조하십시오.
     1>d:\program\project\svg\svg\svg.c(1035): warning C4996: 'strcpy': This function or variable may be unsafe. Consider using strcpy_s instead. To disable deprecation, use _CRT_SECURE_NO_WARNINGS. See online help for details.
                 c:\program files (x86)\microsoft visual studio 10.0\vc\include\string.h(105) : 'strcpy' 선언을 참조하십시오.
     1>d:\program\project\svg\svg\svg.c(1103): warning C4018: '<' : signed 또는 unsigned가 일치하지 않습니다.
     1>d:\program\project\svg\svg\svg.c(1135): warning C4996: 'strtok': This function or variable may be unsafe. Consider using strtok_s instead. To disable deprecation, use _CRT_SECURE_NO_WARNINGS. See online help for details.
                 c:\program files (x86)\microsoft visual studio 10.0\vc\include\string.h(197) : 'strtok' 선언을 참조하십시오.
     1>d:\program\project\svg\svg\svg.c(1139): warning C4996: 'strtok': This function or variable may be unsafe. Consider using strtok_s instead. To disable deprecation, use _CRT_SECURE_NO_WARNINGS. See online help for details.
                 c:\program files (x86)\microsoft visual studio 10.0\vc\include\string.h(197) : 'strtok' 선언을 참조하십시오.
     1>d:\program\project\svg\svg\svg.c(1145): warning C4996: 'strcpy': This function or variable may be unsafe. Consider using strcpy_s instead. To disable deprecation, use _CRT_SECURE_NO_WARNINGS. See online help for details.
                 c:\program files (x86)\microsoft visual studio 10.0\vc\include\string.h(105) : 'strcpy' 선언을 참조하십시오.
     1>d:\program\project\svg\svg\svg.c(1204): warning C4018: '<' : signed 또는 unsigned가 일치하지 않습니다.
     1>d:\program\project\svg\svg\svg.c(1301): warning C4996: 'strtok': This function or variable may be unsafe. Consider using strtok_s instead. To disable deprecation, use _CRT_SECURE_NO_WARNINGS. See online help for details.
                 c:\program files (x86)\microsoft visual studio 10.0\vc\include\string.h(197) : 'strtok' 선언을 참조하십시오.
     1>d:\program\project\svg\svg\svg.c(1304): warning C4996: 'strtok': This function or variable may be unsafe. Consider using strtok_s instead. To disable deprecation, use _CRT_SECURE_NO_WARNINGS. See online help for details.
                 c:\program files (x86)\microsoft visual studio 10.0\vc\include\string.h(197) : 'strtok' 선언을 참조하십시오.
     1>d:\program\project\svg\svg\svg.c(1308): warning C4996: 'strcpy': This function or variable may be unsafe. Consider using strcpy_s instead. To disable deprecation, use _CRT_SECURE_NO_WARNINGS. See online help for details.
                 c:\program files (x86)\microsoft visual studio 10.0\vc\include\string.h(105) : 'strcpy' 선언을 참조하십시오.
     1>d:\program\project\svg\svg\svg.c(1320): warning C4996: 'strtok': This function or variable may be unsafe. Consider using strtok_s instead. To disable deprecation, use _CRT_SECURE_NO_WARNINGS. See online help for details.
                 c:\program files (x86)\microsoft visual studio 10.0\vc\include\string.h(197) : 'strtok' 선언을 참조하십시오.
     1>d:\program\project\svg\svg\svg.c(1323): warning C4996: 'strtok': This function or variable may be unsafe. Consider using strtok_s instead. To disable deprecation, use _CRT_SECURE_NO_WARNINGS. See online help for details.
                 c:\program files (x86)\microsoft visual studio 10.0\vc\include\string.h(197) : 'strtok' 선언을 참조하십시오.
     1>d:\program\project\svg\svg\svg.c(1327): warning C4996: 'strcpy': This function or variable may be unsafe. Consider using strcpy_s instead. To disable deprecation, use _CRT_SECURE_NO_WARNINGS. See online help for details.
                 c:\program files (x86)\microsoft visual studio 10.0\vc\include\string.h(105) : 'strcpy' 선언을 참조하십시오.
     1>d:\program\project\svg\svg\svg.c(1332): warning C4047: '!=' : 'int'의 간접 참조 수준이 'void *'과(와) 다릅니다.
     1>d:\program\project\svg\svg\svg.c(1334): warning C4244: '=' : 'int'에서 'float'(으)로 변환하면서 데이터가 손실될 수 있습니다.
     1>d:\program\project\svg\svg\svg.c(1341): warning C4013: 'translationMt'이(가) 정의되지 않았습니다. extern은 int형을 반환하는 것으로 간주합니다.
     1>d:\program\project\svg\svg\svg.c(1347): warning C4996: 'strtok': This function or variable may be unsafe. Consider using strtok_s instead. To disable deprecation, use _CRT_SECURE_NO_WARNINGS. See online help for details.
                 c:\program files (x86)\microsoft visual studio 10.0\vc\include\string.h(197) : 'strtok' 선언을 참조하십시오.
     1>d:\program\project\svg\svg\svg.c(1350): warning C4996: 'strtok': This function or variable may be unsafe. Consider using strtok_s instead. To disable deprecation, use _CRT_SECURE_NO_WARNINGS. See online help for details.
                 c:\program files (x86)\microsoft visual studio 10.0\vc\include\string.h(197) : 'strtok' 선언을 참조하십시오.
     1>d:\program\project\svg\svg\svg.c(1354): warning C4996: 'strcpy': This function or variable may be unsafe. Consider using strcpy_s instead. To disable deprecation, use _CRT_SECURE_NO_WARNINGS. See online help for details.
                 c:\program files (x86)\microsoft visual studio 10.0\vc\include\string.h(105) : 'strcpy' 선언을 참조하십시오.
     1>d:\program\project\svg\svg\svg.c(1359): warning C4047: '!=' : 'int'의 간접 참조 수준이 'void *'과(와) 다릅니다.
     1>d:\program\project\svg\svg\svg.c(1361): warning C4244: '=' : 'int'에서 'float'(으)로 변환하면서 데이터가 손실될 수 있습니다.
     1>d:\program\project\svg\svg\svg.c(1365): warning C4244: '=' : 'float'에서 'int'(으)로 변환하면서 데이터가 손실될 수 있습니다.
     1>d:\program\project\svg\svg\svg.c(1370): warning C4013: 'roatateMt'이(가) 정의되지 않았습니다. extern은 int형을 반환하는 것으로 간주합니다.
     1>d:\program\project\svg\svg\svg.c(1386): warning C4996: 'strtok': This function or variable may be unsafe. Consider using strtok_s instead. To disable deprecation, use _CRT_SECURE_NO_WARNINGS. See online help for details.
                 c:\program files (x86)\microsoft visual studio 10.0\vc\include\string.h(197) : 'strtok' 선언을 참조하십시오.
     1>d:\program\project\svg\svg\svg.c(1389): warning C4996: 'strtok': This function or variable may be unsafe. Consider using strtok_s instead. To disable deprecation, use _CRT_SECURE_NO_WARNINGS. See online help for details.
                 c:\program files (x86)\microsoft visual studio 10.0\vc\include\string.h(197) : 'strtok' 선언을 참조하십시오.
     1>d:\program\project\svg\svg\svg.c(1393): warning C4996: 'strcpy': This function or variable may be unsafe. Consider using strcpy_s instead. To disable deprecation, use _CRT_SECURE_NO_WARNINGS. See online help for details.
                 c:\program files (x86)\microsoft visual studio 10.0\vc\include\string.h(105) : 'strcpy' 선언을 참조하십시오.
     1>d:\program\project\svg\svg\svg.c(1398): warning C4047: '!=' : 'int'의 간접 참조 수준이 'void *'과(와) 다릅니다.
     1>d:\program\project\svg\svg\svg.c(1400): warning C4244: '=' : 'int'에서 'float'(으)로 변환하면서 데이터가 손실될 수 있습니다.
     1>d:\program\project\svg\svg\svg.c(1410): warning C4013: 'scaleMt'이(가) 정의되지 않았습니다. extern은 int형을 반환하는 것으로 간주합니다.
     1>d:\program\project\svg\svg\svg.c(1485): warning C4244: '=' : 'double'에서 'float'(으)로 변환하면서 데이터가 손실될 수 있습니다.
     1>d:\program\project\svg\svg\svg.c(1486): warning C4244: '=' : 'double'에서 'float'(으)로 변환하면서 데이터가 손실될 수 있습니다.
     1>d:\program\project\svg\svg\svg.c(1487): warning C4244: '=' : 'double'에서 'float'(으)로 변환하면서 데이터가 손실될 수 있습니다.
     1>d:\program\project\svg\svg\svg.c(1488): warning C4244: '=' : 'double'에서 'float'(으)로 변환하면서 데이터가 손실될 수 있습니다.
     1>d:\program\project\svg\svg\svg.c(1489): warning C4244: '=' : 'double'에서 'float'(으)로 변환하면서 데이터가 손실될 수 있습니다.
     1>d:\program\project\svg\svg\svg.c(1623): warning C4996: 'fopen': This function or variable may be unsafe. Consider using fopen_s instead. To disable deprecation, use _CRT_SECURE_NO_WARNINGS. See online help for details.
                 c:\program files (x86)\microsoft visual studio 10.0\vc\include\stdio.h(234) : 'fopen' 선언을 참조하십시오.
     1>d:\program\project\svg\svg\svg.c(1625): warning C4996: 'fopen': This function or variable may be unsafe. Consider using fopen_s instead. To disable deprecation, use _CRT_SECURE_NO_WARNINGS. See online help for details.
                 c:\program files (x86)\microsoft visual studio 10.0\vc\include\stdio.h(234) : 'fopen' 선언을 참조하십시오.
     1>d:\program\project\svg\svg\svg.c(1697): warning C4996: 'getch': The POSIX name for this item is deprecated. Instead, use the ISO C++ conformant name: _getch. See online help for details.
                 c:\program files (x86)\microsoft visual studio 10.0\vc\include\conio.h(128) : 'getch' 선언을 참조하십시오.
     1>d:\program\project\svg\svg\svg.c(441): warning C4716: 'getSvgAttr' : 값을 반환해야 합니다.
     1>d:\program\project\svg\svg\svg.c(1184): warning C4716: 'getPolylineAttr' : 값을 반환해야 합니다.
       ManifestResourceCompile:
         모든 출력이 최신 상태입니다.
       Link:
         C:\Program Files (x86)\Microsoft Visual Studio 10.0\VC\bin\link.exe /ERRORREPORT:PROMPT /OUT:"D:\program\project\svg\Debug\svg.exe" /INCREMENTAL /NOLOGO winbgi.lib kernel32.lib user32.lib gdi32.lib winspool.lib comdlg32.lib advapi32.lib shell32.lib ole32.lib oleaut32.lib uuid.lib odbc32.lib odbccp32.lib /NODEFAULTLIB:LIBC.lib /MANIFEST /ManifestFile:"Debug\svg.exe.intermediate.manifest" /MANIFESTUAC:"level='asInvoker' uiAccess='false'" /DEBUG /PDB:"D:\program\project\svg\Debug\svg.pdb" /SUBSYSTEM:CONSOLE /TLBID:1 /DYNAMICBASE /NXCOMPAT /IMPLIB:"D:\program\project\svg\Debug\svg.lib" /MACHINE:X86 Debug\svg.exe.embed.manifest.res
         Debug\svg.obj
       Manifest:
         C:\Program Files (x86)\Microsoft SDKs\Windows\v7.0A\bin\mt.exe /nologo /verbose /out:"Debug\svg.exe.embed.manifest" /manifest Debug\svg.exe.intermediate.manifest
         모든 출력이 최신 상태입니다.
       LinkEmbedManifest:
         모든 출력이 최신 상태입니다.
         svg.vcxproj -> D:\program\project\svg\Debug\svg.exe
       FinalizeBuildStatus:
         "Debug\svg.unsuccessfulbuild" 파일을 삭제하고 있습니다.
         "Debug\svg.lastbuildstate"에 연결(touching)하고 있습니다.
     1>"D:\program\project\svg\svg\svg.vcxproj" 프로젝트를 빌드했습니다(build 대상).

빌드했습니다.

경과 시간: 00:00:00.98
